0 info it worked if it ends with ok
1 verbose cli [ 'node', '/usr/local/bin/npm', 'install', 'libsass' ]
2 info using npm@2.10.1
3 info using node@v0.12.4
4 verbose install initial load of /Users/thomaswicker/Documents/Dropbox/Sites/realtimemusic/package.json
5 verbose installManyTop reading scoped package data from /Users/thomaswicker/Documents/Dropbox/Sites/realtimemusic/node_modules/compass/package.json
6 verbose installManyTop reading scoped package data from /Users/thomaswicker/Documents/Dropbox/Sites/realtimemusic/node_modules/gulp/package.json
7 verbose installManyTop reading scoped package data from /Users/thomaswicker/Documents/Dropbox/Sites/realtimemusic/node_modules/gulp-autoprefixer/package.json
8 verbose installManyTop reading scoped package data from /Users/thomaswicker/Documents/Dropbox/Sites/realtimemusic/node_modules/gulp-concat/package.json
9 verbose installManyTop reading scoped package data from /Users/thomaswicker/Documents/Dropbox/Sites/realtimemusic/node_modules/gulp-livereload/package.json
10 verbose installManyTop reading scoped package data from /Users/thomaswicker/Documents/Dropbox/Sites/realtimemusic/node_modules/gulp-minify-css/package.json
11 verbose installManyTop reading scoped package data from /Users/thomaswicker/Documents/Dropbox/Sites/realtimemusic/node_modules/gulp-minify-html/package.json
12 verbose installManyTop reading scoped package data from /Users/thomaswicker/Documents/Dropbox/Sites/realtimemusic/node_modules/gulp-rename/package.json
13 verbose installManyTop reading scoped package data from /Users/thomaswicker/Documents/Dropbox/Sites/realtimemusic/node_modules/gulp-ruby-sass/package.json
14 verbose installManyTop reading scoped package data from /Users/thomaswicker/Documents/Dropbox/Sites/realtimemusic/node_modules/gulp-sass/package.json
15 verbose installManyTop reading scoped package data from /Users/thomaswicker/Documents/Dropbox/Sites/realtimemusic/node_modules/gulp-uglify/package.json
16 verbose installManyTop reading scoped package data from /Users/thomaswicker/Documents/Dropbox/Sites/realtimemusic/node_modules/gulp-watch/package.json
17 info package.json gulp-minify-html@0.1.7 No license field.
18 info package.json gulp-concat@2.5.2 No license field.
19 info package.json gulp-rename@1.2.2 No license field.
20 verbose readDependencies loading dependencies from /Users/thomaswicker/Documents/Dropbox/Sites/realtimemusic/package.json
21 silly cache add args [ 'libsass', null ]
22 verbose cache add spec libsass
23 silly cache add parsed spec { raw: 'libsass',
23 silly cache add   scope: null,
23 silly cache add   name: 'libsass',
23 silly cache add   rawSpec: '',
23 silly cache add   spec: '*',
23 silly cache add   type: 'range' }
24 silly addNamed libsass@*
25 verbose addNamed "*" is a valid semver range for libsass
26 silly addNameRange { name: 'libsass', range: '*', hasData: false }
27 silly mapToRegistry name libsass
28 silly mapToRegistry using default registry
29 silly mapToRegistry registry https://registry.npmjs.org/
30 silly mapToRegistry uri https://registry.npmjs.org/libsass
31 verbose addNameRange registry:https://registry.npmjs.org/libsass not in flight; fetching
32 verbose request uri https://registry.npmjs.org/libsass
33 verbose request no auth needed
34 info attempt registry request try #1 at 11:29:59 AM
35 verbose request id e6a43cdf35eb5324
36 http request GET https://registry.npmjs.org/libsass
37 info retry will retry, error on last attempt: Error: getaddrinfo ENOTFOUND registry.npmjs.org
38 info attempt registry request try #2 at 11:30:39 AM
39 http request GET https://registry.npmjs.org/libsass
40 http 404 https://registry.npmjs.org/libsass
41 verbose headers { server: 'CouchDB/1.5.0 (Erlang OTP/R16B03)',
41 verbose headers   'content-type': 'application/json',
41 verbose headers   'cache-control': 'max-age=0',
41 verbose headers   'content-length': '51',
41 verbose headers   'accept-ranges': 'bytes',
41 verbose headers   date: 'Thu, 02 Jul 2015 17:30:50 GMT',
41 verbose headers   via: '1.1 varnish',
41 verbose headers   age: '0',
41 verbose headers   connection: 'keep-alive',
41 verbose headers   'x-served-by': 'cache-ord1728-ORD',
41 verbose headers   'x-cache': 'MISS',
41 verbose headers   'x-cache-hits': '0',
41 verbose headers   'x-timer': 'S1435858250.006924,VS0,VE76' }
42 silly get cb [ 404,
42 silly get   { server: 'CouchDB/1.5.0 (Erlang OTP/R16B03)',
42 silly get     'content-type': 'application/json',
42 silly get     'cache-control': 'max-age=0',
42 silly get     'content-length': '51',
42 silly get     'accept-ranges': 'bytes',
42 silly get     date: 'Thu, 02 Jul 2015 17:30:50 GMT',
42 silly get     via: '1.1 varnish',
42 silly get     age: '0',
42 silly get     connection: 'keep-alive',
42 silly get     'x-served-by': 'cache-ord1728-ORD',
42 silly get     'x-cache': 'MISS',
42 silly get     'x-cache-hits': '0',
42 silly get     'x-timer': 'S1435858250.006924,VS0,VE76' } ]
43 verbose stack Error: 404 Not Found: libsass
43 verbose stack     at CachingRegistryClient.<anonymous> (/usr/local/lib/node_modules/npm/node_modules/npm-registry-client/lib/request.js:245:14)
43 verbose stack     at Request._callback (/usr/local/lib/node_modules/npm/node_modules/npm-registry-client/lib/request.js:170:14)
43 verbose stack     at Request.self.callback (/usr/local/lib/node_modules/npm/node_modules/request/request.js:368:22)
43 verbose stack     at Request.emit (events.js:110:17)
43 verbose stack     at Request.<anonymous> (/usr/local/lib/node_modules/npm/node_modules/request/request.js:1219:14)
43 verbose stack     at Request.emit (events.js:129:20)
43 verbose stack     at IncomingMessage.<anonymous> (/usr/local/lib/node_modules/npm/node_modules/request/request.js:1167:12)
43 verbose stack     at IncomingMessage.emit (events.js:129:20)
43 verbose stack     at _stream_readable.js:908:16
43 verbose stack     at process._tickCallback (node.js:355:11)
44 verbose statusCode 404
45 verbose pkgid libsass
46 verbose cwd /Users/thomaswicker/Documents/Dropbox/Sites/realtimemusic
47 error Darwin 14.3.0
48 error argv "node" "/usr/local/bin/npm" "install" "libsass"
49 error node v0.12.4
50 error npm  v2.10.1
51 error code E404
52 error 404 Not Found: libsass
52 error 404
52 error 404 'libsass' is not in the npm registry.
52 error 404 You should bug the author to publish it (or use the name yourself!)
52 error 404
52 error 404 Note that you can also install from a
52 error 404 tarball, folder, http url, or git url.
53 verbose exit [ 1, true ]
